PID 34152 received SIGSEGV for address: 0x5966055c
SymInit: Symbol-SearchPath: '.;C:\Users\wspal\Documents\GitHub\HAMixer\VolumeMaster-ReactApp;C:\Users\wspal\Documents\GitHub\HAMixer\VolumeMaster-ReactApp\node_modules\electron\dist;C:\Windows;C:\Windows\system32;SRV*C:\websymbols*http://msdl.microsoft.com/download/symbols;', symOptions: 530, UserName: 'wspal'
OS-Version: 10.0.22631 () 0x300-0x1
C:\Users\wspal\Documents\GitHub\HAMixer\VolumeMaster-ReactApp\node_modules\segfault-handler\src\StackWalker.cpp (941): StackWalker::ShowCallstack
C:\Users\wspal\Documents\GitHub\HAMixer\VolumeMaster-ReactApp\node_modules\segfault-handler\src\segfault-handler.cpp (242): segfault_handler
00007FFF5C3A813A (ntdll): (filename not available): RtlGetLengthWithoutLastFullDosOrNtPathElement
00007FFF5C34E6A2 (ntdll): (filename not available): RtlFindCharInUnicodeString
00007FFF5C384995 (ntdll): (filename not available): RtlRaiseException
00007FFF5966055C (KERNELBASE): (filename not available): RaiseException
00007FFF5C217710 (RPCRT4): (filename not available): RpcRaiseException
00007FFF5C2176D4 (RPCRT4): (filename not available): RpcRaiseException
00007FFF5A09110C (combase): (filename not available): HSTRING_UserUnmarshal64
00007FFF5C2A250E (RPCRT4): (filename not available): NdrClientCall3
00007FFF5A08D4BC (combase): (filename not available): NdrpFindInterface
00007FFF5A119EC2 (combase): (filename not available): ObjectStublessClient32
00007FFF5A0A32EF (combase): (filename not available): RoGetParameterizedTypeInstanceIID
00007FFF5A0A31D6 (combase): (filename not available): RoGetParameterizedTypeInstanceIID
00007FFF5A0A2CB7 (combase): (filename not available): RoGetParameterizedTypeInstanceIID
00007FFF5A052C74 (combase): (filename not available): CoGetStandardMarshal
00007FFF5A052956 (combase): (filename not available): CoGetStandardMarshal
00007FFF5A000C8A (combase): (filename not available): CoGetProcessIdentifier
00007FFF5A000B84 (combase): (filename not available): CoGetProcessIdentifier
00007FFF5A09C64A (combase): (filename not available): WindowsGetStringLen
00007FFF3F5FF381 (Windows.UI): (filename not available): (function-name not available)
00007FFF3F6091E8 (Windows.UI): (filename not available): (function-name not available)
00007FFF3F5FE5F5 (Windows.UI): (filename not available): (function-name not available)
00007FFF3F5FE1E5 (Windows.UI): (filename not available): (function-name not available)
00007FFF3F609D49 (Windows.UI): (filename not available): (function-name not available)
00007FFF3F5ED82F (Windows.UI): (filename not available): (function-name not available)
00007FFF3F5FC0CD (Windows.UI): (filename not available): (function-name not available)
00007FFF3F60911F (Windows.UI): (filename not available): (function-name not available)
00007FFF3F62F9BF (Windows.UI): (filename not available): (function-name not available)
00007FF705F59C4E (electron): (filename not available): IsSandboxedProcess
00007FF705F59BF2 (electron): (filename not available): IsSandboxedProcess
00007FF705A19832 (electron): (filename not available): uv_os_getpid
00007FF705A19528 (electron): (filename not available): uv_os_getpid
00007FF704177991 (electron): (filename not available): v8::ScriptCompiler::ScriptStreamingTask::ScriptStreamingTask
00007FF704175AEB (electron): (filename not available): v8::ScriptCompiler::ScriptStreamingTask::ScriptStreamingTask
00007FF704175C8D (electron): (filename not available): v8::ScriptCompiler::ScriptStreamingTask::ScriptStreamingTask
00007FF703AE7E38 (electron): (filename not available): node::FreeArrayBufferAllocator
00007FF708628EE2 (electron): (filename not available): Cr_z_crc32
00007FFF5A38259D (KERNEL32): (filename not available): BaseThreadInitThunk
00007FFF5C38AF78 (ntdll): (filename not available): RtlUserThreadStart
PID 72664 received SIGSEGV for address: 0x5966055c
SymInit: Symbol-SearchPath: '.;C:\Users\wspal\Documents\GitHub\HAMixer\VolumeMaster-ReactApp;C:\Users\wspal\Documents\GitHub\HAMixer\VolumeMaster-ReactApp\node_modules\electron\dist;C:\Windows;C:\Windows\system32;SRV*C:\websymbols*http://msdl.microsoft.com/download/symbols;', symOptions: 530, UserName: 'wspal'
OS-Version: 10.0.22631 () 0x300-0x1
C:\Users\wspal\Documents\GitHub\HAMixer\VolumeMaster-ReactApp\node_modules\segfault-handler\src\StackWalker.cpp (941): StackWalker::ShowCallstack
C:\Users\wspal\Documents\GitHub\HAMixer\VolumeMaster-ReactApp\node_modules\segfault-handler\src\segfault-handler.cpp (242): segfault_handler
00007FFF5C3A813A (ntdll): (filename not available): RtlGetLengthWithoutLastFullDosOrNtPathElement
00007FFF5C34E6A2 (ntdll): (filename not available): RtlFindCharInUnicodeString
00007FFF5C384995 (ntdll): (filename not available): RtlRaiseException
00007FFF5966055C (KERNELBASE): (filename not available): RaiseException
00007FFF5C217710 (RPCRT4): (filename not available): RpcRaiseException
00007FFF5C2176D4 (RPCRT4): (filename not available): RpcRaiseException
00007FFF5A09110C (combase): (filename not available): HSTRING_UserUnmarshal64
00007FFF5C2A250E (RPCRT4): (filename not available): NdrClientCall3
00007FFF5A08D4BC (combase): (filename not available): NdrpFindInterface
00007FFF5A119EC2 (combase): (filename not available): ObjectStublessClient32
00007FFF59FFBC45 (combase): (filename not available): CoIncrementMTAUsage
00007FFF5A06DE74 (combase): (filename not available): CoGetContextToken
00007FFF5A06EC14 (combase): (filename not available): CoGetContextToken
00007FFF5A06E9BF (combase): (filename not available): CoGetContextToken
00007FFF5A06E376 (combase): (filename not available): CoGetContextToken
00007FFF5A0011B6 (combase): (filename not available): CoGetProcessIdentifier
00007FFF5A000FE7 (combase): (filename not available): CoGetProcessIdentifier
00007FFF5A12D802 (combase): (filename not available): InternalGetWindowPropInterface2
00007FFF5B7194F8 (ole32): (filename not available): DoDragDrop
00007FFF5B7BE6AD (ole32): (filename not available): RevokeActiveObjectExt
00007FFF5B719006 (ole32): (filename not available): DoDragDrop
00007FFF5B779F3B (ole32): (filename not available): OleGetPackageClipboardOwner
00007FFF5B71809F (ole32): (filename not available): OleIsCurrentClipboard
00007FFF5B7182F5 (ole32): (filename not available): DoDragDrop
00007FF70D565C16 (electron): (filename not available): sqlite3_dbdata_init
00007FF7052A1B0D (electron): (filename not available): v8::internal::compiler::CompilationDependencies::DependOnInitialMapInstanceSizePrediction
00007FF7051E4DD1 (electron): (filename not available): v8::internal::compiler::CompilationDependencies::DependOnInitialMapInstanceSizePrediction
00007FF709E06858 (electron): (filename not available): v8::internal::compiler::CompilationDependencies::PrepareInstallPredictable
00007FF7047515C7 (electron): (filename not available): v8::ScriptCompiler::StreamedSource::compilation_details
00007FF70809278A (electron): (filename not available): Cr_z_crc32
00007FF708092029 (electron): (filename not available): Cr_z_crc32
00007FF708093C57 (electron): (filename not available): Cr_z_crc32
00007FF7081304C3 (electron): (filename not available): Cr_z_crc32
00007FF70801766D (electron): (filename not available): v8::internal::compiler::CompilationDependencies::FieldTypeDependencyOffTheRecord
00007FF70801221D (electron): (filename not available): v8::internal::compiler::CompilationDependencies::FieldTypeDependencyOffTheRecord
00007FF707FEB8AD (electron): (filename not available): v8::internal::compiler::CompilationDependencies::FieldTypeDependencyOffTheRecord
00007FF70599482D (electron): (filename not available): uv_os_getpid
00007FF7059CE6AE (electron): (filename not available): uv_os_getpid
00007FF7059E58FF (electron): (filename not available): uv_os_getpid
00007FF704E90162 (electron): (filename not available): v8::internal::compiler::CompilationDependencies::DependOnInitialMapInstanceSizePrediction
00007FF704E91CE1 (electron): (filename not available): v8::internal::compiler::CompilationDependencies::DependOnInitialMapInstanceSizePrediction
00007FF704E8D50F (electron): (filename not available): v8::internal::compiler::CompilationDependencies::DependOnInitialMapInstanceSizePrediction
00007FF7041762EB (electron): (filename not available): v8::ScriptCompiler::ScriptStreamingTask::ScriptStreamingTask
00007FF7041774AF (electron): (filename not available): v8::ScriptCompiler::ScriptStreamingTask::ScriptStreamingTask
00007FF7041772CB (electron): (filename not available): v8::ScriptCompiler::ScriptStreamingTask::ScriptStreamingTask
00007FF704175AE1 (electron): (filename not available): v8::ScriptCompiler::ScriptStreamingTask::ScriptStreamingTask
00007FF704175C8D (electron): (filename not available): v8::ScriptCompiler::ScriptStreamingTask::ScriptStreamingTask
00007FF703AE7E38 (electron): (filename not available): node::FreeArrayBufferAllocator
00007FF708628EE2 (electron): (filename not available): Cr_z_crc32
00007FFF5A38259D (KERNEL32): (filename not available): BaseThreadInitThunk
00007FFF5C38AF78 (ntdll): (filename not available): RtlUserThreadStart
PID 72664 received SIGSEGV for address: 0x5966055c
SymInit: Symbol-SearchPath: '.;C:\Users\wspal\Documents\GitHub\HAMixer\VolumeMaster-ReactApp;C:\Users\wspal\Documents\GitHub\HAMixer\VolumeMaster-ReactApp\node_modules\electron\dist;C:\Windows;C:\Windows\system32;SRV*C:\websymbols*http://msdl.microsoft.com/download/symbols;', symOptions: 530, UserName: 'wspal'
OS-Version: 10.0.22631 () 0x300-0x1
C:\Users\wspal\Documents\GitHub\HAMixer\VolumeMaster-ReactApp\node_modules\segfault-handler\src\StackWalker.cpp (941): StackWalker::ShowCallstack
C:\Users\wspal\Documents\GitHub\HAMixer\VolumeMaster-ReactApp\node_modules\segfault-handler\src\segfault-handler.cpp (242): segfault_handler
00007FFF5C3A813A (ntdll): (filename not available): RtlGetLengthWithoutLastFullDosOrNtPathElement
00007FFF5C34E6A2 (ntdll): (filename not available): RtlFindCharInUnicodeString
00007FFF5C384995 (ntdll): (filename not available): RtlRaiseException
00007FFF5966055C (KERNELBASE): (filename not available): RaiseException
00007FFF5C217710 (RPCRT4): (filename not available): RpcRaiseException
00007FFF5C2176D4 (RPCRT4): (filename not available): RpcRaiseException
00007FFF5A09110C (combase): (filename not available): HSTRING_UserUnmarshal64
00007FFF5C2A250E (RPCRT4): (filename not available): NdrClientCall3
00007FFF5A08D4BC (combase): (filename not available): NdrpFindInterface
00007FFF5A119EC2 (combase): (filename not available): ObjectStublessClient32
00007FFF59FFBC45 (combase): (filename not available): CoIncrementMTAUsage
00007FFF5A06DE74 (combase): (filename not available): CoGetContextToken
00007FFF5A06EC14 (combase): (filename not available): CoGetContextToken
00007FFF5A06E9BF (combase): (filename not available): CoGetContextToken
00007FFF5A06E376 (combase): (filename not available): CoGetContextToken
00007FFF5A0011B6 (combase): (filename not available): CoGetProcessIdentifier
00007FFF5A000FE7 (combase): (filename not available): CoGetProcessIdentifier
00007FFF5A12D802 (combase): (filename not available): InternalGetWindowPropInterface2
00007FFF5B7194F8 (ole32): (filename not available): DoDragDrop
00007FFF5B7BE6AD (ole32): (filename not available): RevokeActiveObjectExt
00007FFF5B719006 (ole32): (filename not available): DoDragDrop
00007FFF5B779F3B (ole32): (filename not available): OleGetPackageClipboardOwner
00007FFF5B71809F (ole32): (filename not available): OleIsCurrentClipboard
00007FFF5B7182F5 (ole32): (filename not available): DoDragDrop
00007FF70D565C16 (electron): (filename not available): sqlite3_dbdata_init
00007FF7052A1B0D (electron): (filename not available): v8::internal::compiler::CompilationDependencies::DependOnInitialMapInstanceSizePrediction
00007FF7051E4DD1 (electron): (filename not available): v8::internal::compiler::CompilationDependencies::DependOnInitialMapInstanceSizePrediction
00007FF709E06858 (electron): (filename not available): v8::internal::compiler::CompilationDependencies::PrepareInstallPredictable
00007FF7047515C7 (electron): (filename not available): v8::ScriptCompiler::StreamedSource::compilation_details
00007FF70809278A (electron): (filename not available): Cr_z_crc32
00007FF708092029 (electron): (filename not available): Cr_z_crc32
00007FF708093C57 (electron): (filename not available): Cr_z_crc32
00007FF7081304C3 (electron): (filename not available): Cr_z_crc32
00007FF70801766D (electron): (filename not available): v8::internal::compiler::CompilationDependencies::FieldTypeDependencyOffTheRecord
00007FF70801221D (electron): (filename not available): v8::internal::compiler::CompilationDependencies::FieldTypeDependencyOffTheRecord
00007FF707FEB8AD (electron): (filename not available): v8::internal::compiler::CompilationDependencies::FieldTypeDependencyOffTheRecord
00007FF70599482D (electron): (filename not available): uv_os_getpid
00007FF7059CE6AE (electron): (filename not available): uv_os_getpid
00007FF7059E58FF (electron): (filename not available): uv_os_getpid
00007FF704E90162 (electron): (filename not available): v8::internal::compiler::CompilationDependencies::DependOnInitialMapInstanceSizePrediction
00007FF704E91CE1 (electron): (filename not available): v8::internal::compiler::CompilationDependencies::DependOnInitialMapInstanceSizePrediction
00007FF704E8D50F (electron): (filename not available): v8::internal::compiler::CompilationDependencies::DependOnInitialMapInstanceSizePrediction
00007FF7041762EB (electron): (filename not available): v8::ScriptCompiler::ScriptStreamingTask::ScriptStreamingTask
00007FF7041774AF (electron): (filename not available): v8::ScriptCompiler::ScriptStreamingTask::ScriptStreamingTask
00007FF7041772CB (electron): (filename not available): v8::ScriptCompiler::ScriptStreamingTask::ScriptStreamingTask
00007FF704175AE1 (electron): (filename not available): v8::ScriptCompiler::ScriptStreamingTask::ScriptStreamingTask
00007FF704175C8D (electron): (filename not available): v8::ScriptCompiler::ScriptStreamingTask::ScriptStreamingTask
00007FF703AE7E38 (electron): (filename not available): node::FreeArrayBufferAllocator
00007FF708628EE2 (electron): (filename not available): Cr_z_crc32
00007FFF5A38259D (KERNEL32): (filename not available): BaseThreadInitThunk
00007FFF5C38AF78 (ntdll): (filename not available): RtlUserThreadStart
PID 72664 received SIGSEGV for address: 0x5966055c
SymInit: Symbol-SearchPath: '.;C:\Users\wspal\Documents\GitHub\HAMixer\VolumeMaster-ReactApp;C:\Users\wspal\Documents\GitHub\HAMixer\VolumeMaster-ReactApp\node_modules\electron\dist;C:\Windows;C:\Windows\system32;SRV*C:\websymbols*http://msdl.microsoft.com/download/symbols;', symOptions: 530, UserName: 'wspal'
OS-Version: 10.0.22631 () 0x300-0x1
C:\Users\wspal\Documents\GitHub\HAMixer\VolumeMaster-ReactApp\node_modules\segfault-handler\src\StackWalker.cpp (941): StackWalker::ShowCallstack
C:\Users\wspal\Documents\GitHub\HAMixer\VolumeMaster-ReactApp\node_modules\segfault-handler\src\segfault-handler.cpp (242): segfault_handler
00007FFF5C3A813A (ntdll): (filename not available): RtlGetLengthWithoutLastFullDosOrNtPathElement
00007FFF5C34E6A2 (ntdll): (filename not available): RtlFindCharInUnicodeString
00007FFF5C384995 (ntdll): (filename not available): RtlRaiseException
00007FFF5966055C (KERNELBASE): (filename not available): RaiseException
00007FFF5C217710 (RPCRT4): (filename not available): RpcRaiseException
00007FFF5C2176D4 (RPCRT4): (filename not available): RpcRaiseException
00007FFF5A09110C (combase): (filename not available): HSTRING_UserUnmarshal64
00007FFF5C2A250E (RPCRT4): (filename not available): NdrClientCall3
00007FFF5A08D4BC (combase): (filename not available): NdrpFindInterface
00007FFF5A119EC2 (combase): (filename not available): ObjectStublessClient32
00007FFF59FFBC45 (combase): (filename not available): CoIncrementMTAUsage
00007FFF5A06DE74 (combase): (filename not available): CoGetContextToken
00007FFF5A06EC14 (combase): (filename not available): CoGetContextToken
00007FFF5A06E9BF (combase): (filename not available): CoGetContextToken
00007FFF5A06E376 (combase): (filename not available): CoGetContextToken
00007FFF5A0011B6 (combase): (filename not available): CoGetProcessIdentifier
00007FFF5A000FE7 (combase): (filename not available): CoGetProcessIdentifier
00007FFF5A12D802 (combase): (filename not available): InternalGetWindowPropInterface2
00007FFF5B7194F8 (ole32): (filename not available): DoDragDrop
00007FFF5B7BE6AD (ole32): (filename not available): RevokeActiveObjectExt
00007FFF5B719006 (ole32): (filename not available): DoDragDrop
00007FFF5B779F3B (ole32): (filename not available): OleGetPackageClipboardOwner
00007FFF5B71809F (ole32): (filename not available): OleIsCurrentClipboard
00007FFF5B7182F5 (ole32): (filename not available): DoDragDrop
00007FF70D565C16 (electron): (filename not available): sqlite3_dbdata_init
00007FF7052A1B0D (electron): (filename not available): v8::internal::compiler::CompilationDependencies::DependOnInitialMapInstanceSizePrediction
00007FF7051E4DD1 (electron): (filename not available): v8::internal::compiler::CompilationDependencies::DependOnInitialMapInstanceSizePrediction
00007FF709E06858 (electron): (filename not available): v8::internal::compiler::CompilationDependencies::PrepareInstallPredictable
00007FF7047515C7 (electron): (filename not available): v8::ScriptCompiler::StreamedSource::compilation_details
00007FF70809278A (electron): (filename not available): Cr_z_crc32
00007FF708092029 (electron): (filename not available): Cr_z_crc32
00007FF708093C57 (electron): (filename not available): Cr_z_crc32
00007FF7081304C3 (electron): (filename not available): Cr_z_crc32
00007FF70801766D (electron): (filename not available): v8::internal::compiler::CompilationDependencies::FieldTypeDependencyOffTheRecord
00007FF70801221D (electron): (filename not available): v8::internal::compiler::CompilationDependencies::FieldTypeDependencyOffTheRecord
00007FF707FEB8AD (electron): (filename not available): v8::internal::compiler::CompilationDependencies::FieldTypeDependencyOffTheRecord
00007FF70599482D (electron): (filename not available): uv_os_getpid
00007FF7059CE6AE (electron): (filename not available): uv_os_getpid
00007FF7059E58FF (electron): (filename not available): uv_os_getpid
00007FF704E90162 (electron): (filename not available): v8::internal::compiler::CompilationDependencies::DependOnInitialMapInstanceSizePrediction
00007FF704E91CE1 (electron): (filename not available): v8::internal::compiler::CompilationDependencies::DependOnInitialMapInstanceSizePrediction
00007FF704E8D50F (electron): (filename not available): v8::internal::compiler::CompilationDependencies::DependOnInitialMapInstanceSizePrediction
00007FF7041762EB (electron): (filename not available): v8::ScriptCompiler::ScriptStreamingTask::ScriptStreamingTask
00007FF7041774AF (electron): (filename not available): v8::ScriptCompiler::ScriptStreamingTask::ScriptStreamingTask
00007FF7041772CB (electron): (filename not available): v8::ScriptCompiler::ScriptStreamingTask::ScriptStreamingTask
00007FF704175AE1 (electron): (filename not available): v8::ScriptCompiler::ScriptStreamingTask::ScriptStreamingTask
00007FF704175C8D (electron): (filename not available): v8::ScriptCompiler::ScriptStreamingTask::ScriptStreamingTask
00007FF703AE7E38 (electron): (filename not available): node::FreeArrayBufferAllocator
00007FF708628EE2 (electron): (filename not available): Cr_z_crc32
00007FFF5A38259D (KERNEL32): (filename not available): BaseThreadInitThunk
00007FFF5C38AF78 (ntdll): (filename not available): RtlUserThreadStart
PID 72664 received SIGSEGV for address: 0x5966055c
SymInit: Symbol-SearchPath: '.;C:\Users\wspal\Documents\GitHub\HAMixer\VolumeMaster-ReactApp;C:\Users\wspal\Documents\GitHub\HAMixer\VolumeMaster-ReactApp\node_modules\electron\dist;C:\Windows;C:\Windows\system32;SRV*C:\websymbols*http://msdl.microsoft.com/download/symbols;', symOptions: 530, UserName: 'wspal'
OS-Version: 10.0.22631 () 0x300-0x1
C:\Users\wspal\Documents\GitHub\HAMixer\VolumeMaster-ReactApp\node_modules\segfault-handler\src\StackWalker.cpp (941): StackWalker::ShowCallstack
C:\Users\wspal\Documents\GitHub\HAMixer\VolumeMaster-ReactApp\node_modules\segfault-handler\src\segfault-handler.cpp (242): segfault_handler
00007FFF5C3A813A (ntdll): (filename not available): RtlGetLengthWithoutLastFullDosOrNtPathElement
00007FFF5C34E6A2 (ntdll): (filename not available): RtlFindCharInUnicodeString
00007FFF5C384995 (ntdll): (filename not available): RtlRaiseException
00007FFF5966055C (KERNELBASE): (filename not available): RaiseException
00007FFF5C217710 (RPCRT4): (filename not available): RpcRaiseException
00007FFF5C2176D4 (RPCRT4): (filename not available): RpcRaiseException
00007FFF5A09110C (combase): (filename not available): HSTRING_UserUnmarshal64
00007FFF5C2A250E (RPCRT4): (filename not available): NdrClientCall3
00007FFF5A08D4BC (combase): (filename not available): NdrpFindInterface
00007FFF5A119EC2 (combase): (filename not available): ObjectStublessClient32
00007FFF59FFBC45 (combase): (filename not available): CoIncrementMTAUsage
00007FFF5A06DE74 (combase): (filename not available): CoGetContextToken
00007FFF5A06EC14 (combase): (filename not available): CoGetContextToken
00007FFF5A06E9BF (combase): (filename not available): CoGetContextToken
00007FFF5A06E376 (combase): (filename not available): CoGetContextToken
00007FFF5A0011B6 (combase): (filename not available): CoGetProcessIdentifier
00007FFF5A000FE7 (combase): (filename not available): CoGetProcessIdentifier
00007FFF5A12D802 (combase): (filename not available): InternalGetWindowPropInterface2
00007FFF5B7194F8 (ole32): (filename not available): DoDragDrop
00007FFF5B7BE6AD (ole32): (filename not available): RevokeActiveObjectExt
00007FFF5B719006 (ole32): (filename not available): DoDragDrop
00007FFF5B779F3B (ole32): (filename not available): OleGetPackageClipboardOwner
00007FFF5B71809F (ole32): (filename not available): OleIsCurrentClipboard
00007FFF5B7182F5 (ole32): (filename not available): DoDragDrop
00007FF70D565C16 (electron): (filename not available): sqlite3_dbdata_init
00007FF7052A1B0D (electron): (filename not available): v8::internal::compiler::CompilationDependencies::DependOnInitialMapInstanceSizePrediction
00007FF7051E4DD1 (electron): (filename not available): v8::internal::compiler::CompilationDependencies::DependOnInitialMapInstanceSizePrediction
00007FF709E06858 (electron): (filename not available): v8::internal::compiler::CompilationDependencies::PrepareInstallPredictable
00007FF7047515C7 (electron): (filename not available): v8::ScriptCompiler::StreamedSource::compilation_details
00007FF70809278A (electron): (filename not available): Cr_z_crc32
00007FF708092029 (electron): (filename not available): Cr_z_crc32
00007FF708093C57 (electron): (filename not available): Cr_z_crc32
00007FF7081304C3 (electron): (filename not available): Cr_z_crc32
00007FF70801766D (electron): (filename not available): v8::internal::compiler::CompilationDependencies::FieldTypeDependencyOffTheRecord
00007FF70801221D (electron): (filename not available): v8::internal::compiler::CompilationDependencies::FieldTypeDependencyOffTheRecord
00007FF707FEB8AD (electron): (filename not available): v8::internal::compiler::CompilationDependencies::FieldTypeDependencyOffTheRecord
00007FF70599482D (electron): (filename not available): uv_os_getpid
00007FF7059CE6AE (electron): (filename not available): uv_os_getpid
00007FF7059E58FF (electron): (filename not available): uv_os_getpid
00007FF704E90162 (electron): (filename not available): v8::internal::compiler::CompilationDependencies::DependOnInitialMapInstanceSizePrediction
00007FF704E91CE1 (electron): (filename not available): v8::internal::compiler::CompilationDependencies::DependOnInitialMapInstanceSizePrediction
00007FF704E8D50F (electron): (filename not available): v8::internal::compiler::CompilationDependencies::DependOnInitialMapInstanceSizePrediction
00007FF7041762EB (electron): (filename not available): v8::ScriptCompiler::ScriptStreamingTask::ScriptStreamingTask
00007FF7041774AF (electron): (filename not available): v8::ScriptCompiler::ScriptStreamingTask::ScriptStreamingTask
00007FF7041772CB (electron): (filename not available): v8::ScriptCompiler::ScriptStreamingTask::ScriptStreamingTask
00007FF704175AE1 (electron): (filename not available): v8::ScriptCompiler::ScriptStreamingTask::ScriptStreamingTask
00007FF704175C8D (electron): (filename not available): v8::ScriptCompiler::ScriptStreamingTask::ScriptStreamingTask
00007FF703AE7E38 (electron): (filename not available): node::FreeArrayBufferAllocator
00007FF708628EE2 (electron): (filename not available): Cr_z_crc32
00007FFF5A38259D (KERNEL32): (filename not available): BaseThreadInitThunk
00007FFF5C38AF78 (ntdll): (filename not available): RtlUserThreadStart
PID 72664 received SIGSEGV for address: 0x5966055c
SymInit: Symbol-SearchPath: '.;C:\Users\wspal\Documents\GitHub\HAMixer\VolumeMaster-ReactApp;C:\Users\wspal\Documents\GitHub\HAMixer\VolumeMaster-ReactApp\node_modules\electron\dist;C:\Windows;C:\Windows\system32;SRV*C:\websymbols*http://msdl.microsoft.com/download/symbols;', symOptions: 530, UserName: 'wspal'
OS-Version: 10.0.22631 () 0x300-0x1
C:\Users\wspal\Documents\GitHub\HAMixer\VolumeMaster-ReactApp\node_modules\segfault-handler\src\StackWalker.cpp (941): StackWalker::ShowCallstack
C:\Users\wspal\Documents\GitHub\HAMixer\VolumeMaster-ReactApp\node_modules\segfault-handler\src\segfault-handler.cpp (242): segfault_handler
00007FFF5C3A813A (ntdll): (filename not available): RtlGetLengthWithoutLastFullDosOrNtPathElement
00007FFF5C34E6A2 (ntdll): (filename not available): RtlFindCharInUnicodeString
00007FFF5C384995 (ntdll): (filename not available): RtlRaiseException
00007FFF5966055C (KERNELBASE): (filename not available): RaiseException
00007FFF5C217710 (RPCRT4): (filename not available): RpcRaiseException
00007FFF5C2176D4 (RPCRT4): (filename not available): RpcRaiseException
00007FFF5A09110C (combase): (filename not available): HSTRING_UserUnmarshal64
00007FFF5C2A250E (RPCRT4): (filename not available): NdrClientCall3
00007FFF5A08D4BC (combase): (filename not available): NdrpFindInterface
00007FFF5A119EC2 (combase): (filename not available): ObjectStublessClient32
00007FFF59FFBC45 (combase): (filename not available): CoIncrementMTAUsage
00007FFF5A06DE74 (combase): (filename not available): CoGetContextToken
00007FFF5A06EC14 (combase): (filename not available): CoGetContextToken
00007FFF5A06E9BF (combase): (filename not available): CoGetContextToken
00007FFF5A06E376 (combase): (filename not available): CoGetContextToken
00007FFF5A0011B6 (combase): (filename not available): CoGetProcessIdentifier
00007FFF5A000FE7 (combase): (filename not available): CoGetProcessIdentifier
00007FFF5A12D802 (combase): (filename not available): InternalGetWindowPropInterface2
00007FFF5B7194F8 (ole32): (filename not available): DoDragDrop
00007FFF5B7BE6AD (ole32): (filename not available): RevokeActiveObjectExt
00007FFF5B719006 (ole32): (filename not available): DoDragDrop
00007FFF5B779F3B (ole32): (filename not available): OleGetPackageClipboardOwner
00007FFF5B71809F (ole32): (filename not available): OleIsCurrentClipboard
00007FFF5B7182F5 (ole32): (filename not available): DoDragDrop
00007FF70D565C16 (electron): (filename not available): sqlite3_dbdata_init
00007FF7052A1B0D (electron): (filename not available): v8::internal::compiler::CompilationDependencies::DependOnInitialMapInstanceSizePrediction
00007FF7051E4DD1 (electron): (filename not available): v8::internal::compiler::CompilationDependencies::DependOnInitialMapInstanceSizePrediction
00007FF709E06858 (electron): (filename not available): v8::internal::compiler::CompilationDependencies::PrepareInstallPredictable
00007FF7047515C7 (electron): (filename not available): v8::ScriptCompiler::StreamedSource::compilation_details
00007FF70809278A (electron): (filename not available): Cr_z_crc32
00007FF708092029 (electron): (filename not available): Cr_z_crc32
00007FF708093C57 (electron): (filename not available): Cr_z_crc32
00007FF7081304C3 (electron): (filename not available): Cr_z_crc32
00007FF70801766D (electron): (filename not available): v8::internal::compiler::CompilationDependencies::FieldTypeDependencyOffTheRecord
00007FF70801221D (electron): (filename not available): v8::internal::compiler::CompilationDependencies::FieldTypeDependencyOffTheRecord
00007FF707FEB8AD (electron): (filename not available): v8::internal::compiler::CompilationDependencies::FieldTypeDependencyOffTheRecord
00007FF70599482D (electron): (filename not available): uv_os_getpid
00007FF7059CE6AE (electron): (filename not available): uv_os_getpid
00007FF7059E58FF (electron): (filename not available): uv_os_getpid
00007FF704E90162 (electron): (filename not available): v8::internal::compiler::CompilationDependencies::DependOnInitialMapInstanceSizePrediction
00007FF704E91CE1 (electron): (filename not available): v8::internal::compiler::CompilationDependencies::DependOnInitialMapInstanceSizePrediction
00007FF704E8D50F (electron): (filename not available): v8::internal::compiler::CompilationDependencies::DependOnInitialMapInstanceSizePrediction
00007FF7041762EB (electron): (filename not available): v8::ScriptCompiler::ScriptStreamingTask::ScriptStreamingTask
00007FF7041774AF (electron): (filename not available): v8::ScriptCompiler::ScriptStreamingTask::ScriptStreamingTask
00007FF7041772CB (electron): (filename not available): v8::ScriptCompiler::ScriptStreamingTask::ScriptStreamingTask
00007FF704175AE1 (electron): (filename not available): v8::ScriptCompiler::ScriptStreamingTask::ScriptStreamingTask
00007FF704175C8D (electron): (filename not available): v8::ScriptCompiler::ScriptStreamingTask::ScriptStreamingTask
00007FF703AE7E38 (electron): (filename not available): node::FreeArrayBufferAllocator
00007FF708628EE2 (electron): (filename not available): Cr_z_crc32
00007FFF5A38259D (KERNEL32): (filename not available): BaseThreadInitThunk
00007FFF5C38AF78 (ntdll): (filename not available): RtlUserThreadStart
PID 72664 received SIGSEGV for address: 0x5966055c
SymInit: Symbol-SearchPath: '.;C:\Users\wspal\Documents\GitHub\HAMixer\VolumeMaster-ReactApp;C:\Users\wspal\Documents\GitHub\HAMixer\VolumeMaster-ReactApp\node_modules\electron\dist;C:\Windows;C:\Windows\system32;SRV*C:\websymbols*http://msdl.microsoft.com/download/symbols;', symOptions: 530, UserName: 'wspal'
OS-Version: 10.0.22631 () 0x300-0x1
C:\Users\wspal\Documents\GitHub\HAMixer\VolumeMaster-ReactApp\node_modules\segfault-handler\src\StackWalker.cpp (941): StackWalker::ShowCallstack
C:\Users\wspal\Documents\GitHub\HAMixer\VolumeMaster-ReactApp\node_modules\segfault-handler\src\segfault-handler.cpp (242): segfault_handler
00007FFF5C3A813A (ntdll): (filename not available): RtlGetLengthWithoutLastFullDosOrNtPathElement
00007FFF5C34E6A2 (ntdll): (filename not available): RtlFindCharInUnicodeString
00007FFF5C384995 (ntdll): (filename not available): RtlRaiseException
00007FFF5966055C (KERNELBASE): (filename not available): RaiseException
00007FFF5C217710 (RPCRT4): (filename not available): RpcRaiseException
00007FFF5C2176D4 (RPCRT4): (filename not available): RpcRaiseException
00007FFF5A09110C (combase): (filename not available): HSTRING_UserUnmarshal64
00007FFF5C2A250E (RPCRT4): (filename not available): NdrClientCall3
00007FFF5A08D4BC (combase): (filename not available): NdrpFindInterface
00007FFF5A119EC2 (combase): (filename not available): ObjectStublessClient32
00007FFF59FFBC45 (combase): (filename not available): CoIncrementMTAUsage
00007FFF5A06DE74 (combase): (filename not available): CoGetContextToken
00007FFF5A06EC14 (combase): (filename not available): CoGetContextToken
00007FFF5A06E9BF (combase): (filename not available): CoGetContextToken
00007FFF5A06E376 (combase): (filename not available): CoGetContextToken
00007FFF5A0011B6 (combase): (filename not available): CoGetProcessIdentifier
00007FFF5A000FE7 (combase): (filename not available): CoGetProcessIdentifier
00007FFF5A12D802 (combase): (filename not available): InternalGetWindowPropInterface2
00007FFF5B7194F8 (ole32): (filename not available): DoDragDrop
00007FFF5B7BE6AD (ole32): (filename not available): RevokeActiveObjectExt
00007FFF5B719006 (ole32): (filename not available): DoDragDrop
00007FFF5B779F3B (ole32): (filename not available): OleGetPackageClipboardOwner
00007FFF5B71809F (ole32): (filename not available): OleIsCurrentClipboard
00007FFF5B7182F5 (ole32): (filename not available): DoDragDrop
00007FF70D565C16 (electron): (filename not available): sqlite3_dbdata_init
00007FF7052A1B0D (electron): (filename not available): v8::internal::compiler::CompilationDependencies::DependOnInitialMapInstanceSizePrediction
00007FF7051E4DD1 (electron): (filename not available): v8::internal::compiler::CompilationDependencies::DependOnInitialMapInstanceSizePrediction
00007FF709E06858 (electron): (filename not available): v8::internal::compiler::CompilationDependencies::PrepareInstallPredictable
00007FF7047515C7 (electron): (filename not available): v8::ScriptCompiler::StreamedSource::compilation_details
00007FF70809278A (electron): (filename not available): Cr_z_crc32
00007FF708092029 (electron): (filename not available): Cr_z_crc32
00007FF708093C57 (electron): (filename not available): Cr_z_crc32
00007FF7081304C3 (electron): (filename not available): Cr_z_crc32
00007FF70801766D (electron): (filename not available): v8::internal::compiler::CompilationDependencies::FieldTypeDependencyOffTheRecord
00007FF70801221D (electron): (filename not available): v8::internal::compiler::CompilationDependencies::FieldTypeDependencyOffTheRecord
00007FF707FEB8AD (electron): (filename not available): v8::internal::compiler::CompilationDependencies::FieldTypeDependencyOffTheRecord
00007FF70599482D (electron): (filename not available): uv_os_getpid
00007FF7059CE6AE (electron): (filename not available): uv_os_getpid
00007FF7059E58FF (electron): (filename not available): uv_os_getpid
00007FF704E90162 (electron): (filename not available): v8::internal::compiler::CompilationDependencies::DependOnInitialMapInstanceSizePrediction
00007FF704E91CE1 (electron): (filename not available): v8::internal::compiler::CompilationDependencies::DependOnInitialMapInstanceSizePrediction
00007FF704E8D50F (electron): (filename not available): v8::internal::compiler::CompilationDependencies::DependOnInitialMapInstanceSizePrediction
00007FF7041762EB (electron): (filename not available): v8::ScriptCompiler::ScriptStreamingTask::ScriptStreamingTask
00007FF7041774AF (electron): (filename not available): v8::ScriptCompiler::ScriptStreamingTask::ScriptStreamingTask
00007FF7041772CB (electron): (filename not available): v8::ScriptCompiler::ScriptStreamingTask::ScriptStreamingTask
00007FF704175AE1 (electron): (filename not available): v8::ScriptCompiler::ScriptStreamingTask::ScriptStreamingTask
00007FF704175C8D (electron): (filename not available): v8::ScriptCompiler::ScriptStreamingTask::ScriptStreamingTask
00007FF703AE7E38 (electron): (filename not available): node::FreeArrayBufferAllocator
00007FF708628EE2 (electron): (filename not available): Cr_z_crc32
00007FFF5A38259D (KERNEL32): (filename not available): BaseThreadInitThunk
00007FFF5C38AF78 (ntdll): (filename not available): RtlUserThreadStart
PID 72664 received SIGSEGV for address: 0x5966055c
SymInit: Symbol-SearchPath: '.;C:\Users\wspal\Documents\GitHub\HAMixer\VolumeMaster-ReactApp;C:\Users\wspal\Documents\GitHub\HAMixer\VolumeMaster-ReactApp\node_modules\electron\dist;C:\Windows;C:\Windows\system32;SRV*C:\websymbols*http://msdl.microsoft.com/download/symbols;', symOptions: 530, UserName: 'wspal'
OS-Version: 10.0.22631 () 0x300-0x1
C:\Users\wspal\Documents\GitHub\HAMixer\VolumeMaster-ReactApp\node_modules\segfault-handler\src\StackWalker.cpp (941): StackWalker::ShowCallstack
C:\Users\wspal\Documents\GitHub\HAMixer\VolumeMaster-ReactApp\node_modules\segfault-handler\src\segfault-handler.cpp (242): segfault_handler
00007FFF5C3A813A (ntdll): (filename not available): RtlGetLengthWithoutLastFullDosOrNtPathElement
00007FFF5C34E6A2 (ntdll): (filename not available): RtlFindCharInUnicodeString
00007FFF5C384995 (ntdll): (filename not available): RtlRaiseException
00007FFF5966055C (KERNELBASE): (filename not available): RaiseException
00007FFF5C217710 (RPCRT4): (filename not available): RpcRaiseException
00007FFF5C2176D4 (RPCRT4): (filename not available): RpcRaiseException
00007FFF5A09110C (combase): (filename not available): HSTRING_UserUnmarshal64
00007FFF5C2A250E (RPCRT4): (filename not available): NdrClientCall3
00007FFF5A08D4BC (combase): (filename not available): NdrpFindInterface
00007FFF5A119EC2 (combase): (filename not available): ObjectStublessClient32
00007FFF5A0A32EF (combase): (filename not available): RoGetParameterizedTypeInstanceIID
00007FFF5A0A31D6 (combase): (filename not available): RoGetParameterizedTypeInstanceIID
00007FFF5A0A2CB7 (combase): (filename not available): RoGetParameterizedTypeInstanceIID
00007FFF5A052C74 (combase): (filename not available): CoGetStandardMarshal
00007FFF5A052956 (combase): (filename not available): CoGetStandardMarshal
00007FFF5A000C8A (combase): (filename not available): CoGetProcessIdentifier
00007FFF5A000B84 (combase): (filename not available): CoGetProcessIdentifier
00007FFF5A09C64A (combase): (filename not available): WindowsGetStringLen
00007FFF3F5FF381 (Windows.UI): (filename not available): (function-name not available)
00007FFF3F6091E8 (Windows.UI): (filename not available): (function-name not available)
00007FFF3F5FE5F5 (Windows.UI): (filename not available): (function-name not available)
00007FFF3F5FE1E5 (Windows.UI): (filename not available): (function-name not available)
00007FFF3F609D49 (Windows.UI): (filename not available): (function-name not available)
00007FFF3F5ED82F (Windows.UI): (filename not available): (function-name not available)
00007FFF3F5FC0CD (Windows.UI): (filename not available): (function-name not available)
00007FFF3F60911F (Windows.UI): (filename not available): (function-name not available)
00007FFF3F62F9BF (Windows.UI): (filename not available): (function-name not available)
00007FF705F59C4E (electron): (filename not available): IsSandboxedProcess
00007FF705F59BF2 (electron): (filename not available): IsSandboxedProcess
00007FF705A19832 (electron): (filename not available): uv_os_getpid
00007FF705A19528 (electron): (filename not available): uv_os_getpid
00007FF704177991 (electron): (filename not available): v8::ScriptCompiler::ScriptStreamingTask::ScriptStreamingTask
00007FF704175AEB (electron): (filename not available): v8::ScriptCompiler::ScriptStreamingTask::ScriptStreamingTask
00007FF704175C8D (electron): (filename not available): v8::ScriptCompiler::ScriptStreamingTask::ScriptStreamingTask
00007FF703AE7E38 (electron): (filename not available): node::FreeArrayBufferAllocator
00007FF708628EE2 (electron): (filename not available): Cr_z_crc32
00007FFF5A38259D (KERNEL32): (filename not available): BaseThreadInitThunk
00007FFF5C38AF78 (ntdll): (filename not available): RtlUserThreadStart
PID 7632 received SIGSEGV for address: 0x5966055c
SymInit: Symbol-SearchPath: '.;C:\Users\wspal\Documents\GitHub\HAMixer\VolumeMaster-ReactApp;C:\Users\wspal\Documents\GitHub\HAMixer\VolumeMaster-ReactApp\node_modules\electron\dist;C:\Windows;C:\Windows\system32;SRV*C:\websymbols*http://msdl.microsoft.com/download/symbols;', symOptions: 530, UserName: 'wspal'
OS-Version: 10.0.22631 () 0x300-0x1
C:\Users\wspal\Documents\GitHub\HAMixer\VolumeMaster-ReactApp\node_modules\segfault-handler\src\StackWalker.cpp (941): StackWalker::ShowCallstack
C:\Users\wspal\Documents\GitHub\HAMixer\VolumeMaster-ReactApp\node_modules\segfault-handler\src\segfault-handler.cpp (242): segfault_handler
00007FFF5C3A813A (ntdll): (filename not available): RtlGetLengthWithoutLastFullDosOrNtPathElement
00007FFF5C34E6A2 (ntdll): (filename not available): RtlFindCharInUnicodeString
00007FFF5C384995 (ntdll): (filename not available): RtlRaiseException
00007FFF5966055C (KERNELBASE): (filename not available): RaiseException
00007FFF5C217710 (RPCRT4): (filename not available): RpcRaiseException
00007FFF5C2176D4 (RPCRT4): (filename not available): RpcRaiseException
00007FFF5A09110C (combase): (filename not available): HSTRING_UserUnmarshal64
00007FFF5C2A250E (RPCRT4): (filename not available): NdrClientCall3
00007FFF5A08D4BC (combase): (filename not available): NdrpFindInterface
00007FFF5A119EC2 (combase): (filename not available): ObjectStublessClient32
00007FFF59FFBC45 (combase): (filename not available): CoIncrementMTAUsage
00007FFF5A06DE74 (combase): (filename not available): CoGetContextToken
00007FFF5A06EC14 (combase): (filename not available): CoGetContextToken
00007FFF5A06E9BF (combase): (filename not available): CoGetContextToken
00007FFF5A06E376 (combase): (filename not available): CoGetContextToken
00007FFF5A0011B6 (combase): (filename not available): CoGetProcessIdentifier
00007FFF5A000FE7 (combase): (filename not available): CoGetProcessIdentifier
00007FFF5A12D802 (combase): (filename not available): InternalGetWindowPropInterface2
00007FFF5B7194F8 (ole32): (filename not available): DoDragDrop
00007FFF5B7BE6AD (ole32): (filename not available): RevokeActiveObjectExt
00007FFF5B719006 (ole32): (filename not available): DoDragDrop
00007FFF5B779F3B (ole32): (filename not available): OleGetPackageClipboardOwner
00007FFF5B71809F (ole32): (filename not available): OleIsCurrentClipboard
00007FFF5B7182F5 (ole32): (filename not available): DoDragDrop
00007FF70D565C16 (electron): (filename not available): sqlite3_dbdata_init
00007FF7052A1B0D (electron): (filename not available): v8::internal::compiler::CompilationDependencies::DependOnInitialMapInstanceSizePrediction
00007FF7051E4DD1 (electron): (filename not available): v8::internal::compiler::CompilationDependencies::DependOnInitialMapInstanceSizePrediction
00007FF709E06858 (electron): (filename not available): v8::internal::compiler::CompilationDependencies::PrepareInstallPredictable
00007FF7047515C7 (electron): (filename not available): v8::ScriptCompiler::StreamedSource::compilation_details
00007FF70809278A (electron): (filename not available): Cr_z_crc32
00007FF708092029 (electron): (filename not available): Cr_z_crc32
00007FF708093C57 (electron): (filename not available): Cr_z_crc32
00007FF7081304C3 (electron): (filename not available): Cr_z_crc32
00007FF70801766D (electron): (filename not available): v8::internal::compiler::CompilationDependencies::FieldTypeDependencyOffTheRecord
00007FF70801221D (electron): (filename not available): v8::internal::compiler::CompilationDependencies::FieldTypeDependencyOffTheRecord
00007FF707FEB8AD (electron): (filename not available): v8::internal::compiler::CompilationDependencies::FieldTypeDependencyOffTheRecord
00007FF70599482D (electron): (filename not available): uv_os_getpid
00007FF7059CE6AE (electron): (filename not available): uv_os_getpid
00007FF7059E58FF (electron): (filename not available): uv_os_getpid
00007FF704E90162 (electron): (filename not available): v8::internal::compiler::CompilationDependencies::DependOnInitialMapInstanceSizePrediction
00007FF704E91CE1 (electron): (filename not available): v8::internal::compiler::CompilationDependencies::DependOnInitialMapInstanceSizePrediction
00007FF704E8D50F (electron): (filename not available): v8::internal::compiler::CompilationDependencies::DependOnInitialMapInstanceSizePrediction
00007FF7041762EB (electron): (filename not available): v8::ScriptCompiler::ScriptStreamingTask::ScriptStreamingTask
00007FF7041774AF (electron): (filename not available): v8::ScriptCompiler::ScriptStreamingTask::ScriptStreamingTask
00007FF7041772CB (electron): (filename not available): v8::ScriptCompiler::ScriptStreamingTask::ScriptStreamingTask
00007FF704175AE1 (electron): (filename not available): v8::ScriptCompiler::ScriptStreamingTask::ScriptStreamingTask
00007FF704175C8D (electron): (filename not available): v8::ScriptCompiler::ScriptStreamingTask::ScriptStreamingTask
00007FF703AE7E38 (electron): (filename not available): node::FreeArrayBufferAllocator
00007FF708628EE2 (electron): (filename not available): Cr_z_crc32
00007FFF5A38259D (KERNEL32): (filename not available): BaseThreadInitThunk
00007FFF5C38AF78 (ntdll): (filename not available): RtlUserThreadStart
PID 7632 received SIGSEGV for address: 0x5966055c
SymInit: Symbol-SearchPath: '.;C:\Users\wspal\Documents\GitHub\HAMixer\VolumeMaster-ReactApp;C:\Users\wspal\Documents\GitHub\HAMixer\VolumeMaster-ReactApp\node_modules\electron\dist;C:\Windows;C:\Windows\system32;SRV*C:\websymbols*http://msdl.microsoft.com/download/symbols;', symOptions: 530, UserName: 'wspal'
OS-Version: 10.0.22631 () 0x300-0x1
C:\Users\wspal\Documents\GitHub\HAMixer\VolumeMaster-ReactApp\node_modules\segfault-handler\src\StackWalker.cpp (941): StackWalker::ShowCallstack
C:\Users\wspal\Documents\GitHub\HAMixer\VolumeMaster-ReactApp\node_modules\segfault-handler\src\segfault-handler.cpp (242): segfault_handler
00007FFF5C3A813A (ntdll): (filename not available): RtlGetLengthWithoutLastFullDosOrNtPathElement
00007FFF5C34E6A2 (ntdll): (filename not available): RtlFindCharInUnicodeString
00007FFF5C384995 (ntdll): (filename not available): RtlRaiseException
00007FFF5966055C (KERNELBASE): (filename not available): RaiseException
00007FFF5C217710 (RPCRT4): (filename not available): RpcRaiseException
00007FFF5C2176D4 (RPCRT4): (filename not available): RpcRaiseException
00007FFF5A09110C (combase): (filename not available): HSTRING_UserUnmarshal64
00007FFF5C2A250E (RPCRT4): (filename not available): NdrClientCall3
00007FFF5A08D4BC (combase): (filename not available): NdrpFindInterface
00007FFF5A119EC2 (combase): (filename not available): ObjectStublessClient32
00007FFF59FFBC45 (combase): (filename not available): CoIncrementMTAUsage
00007FFF5A06DE74 (combase): (filename not available): CoGetContextToken
00007FFF5A06EC14 (combase): (filename not available): CoGetContextToken
00007FFF5A06E9BF (combase): (filename not available): CoGetContextToken
00007FFF5A06E376 (combase): (filename not available): CoGetContextToken
00007FFF5A0011B6 (combase): (filename not available): CoGetProcessIdentifier
00007FFF5A000FE7 (combase): (filename not available): CoGetProcessIdentifier
00007FFF5A12D802 (combase): (filename not available): InternalGetWindowPropInterface2
00007FFF5B7194F8 (ole32): (filename not available): DoDragDrop
00007FFF5B7BE6AD (ole32): (filename not available): RevokeActiveObjectExt
00007FFF5B719006 (ole32): (filename not available): DoDragDrop
00007FFF5B779F3B (ole32): (filename not available): OleGetPackageClipboardOwner
00007FFF5B71809F (ole32): (filename not available): OleIsCurrentClipboard
00007FFF5B7182F5 (ole32): (filename not available): DoDragDrop
00007FF70D565C16 (electron): (filename not available): sqlite3_dbdata_init
00007FF7052A1B0D (electron): (filename not available): v8::internal::compiler::CompilationDependencies::DependOnInitialMapInstanceSizePrediction
00007FF7051E4DD1 (electron): (filename not available): v8::internal::compiler::CompilationDependencies::DependOnInitialMapInstanceSizePrediction
00007FF709E06858 (electron): (filename not available): v8::internal::compiler::CompilationDependencies::PrepareInstallPredictable
00007FF7047515C7 (electron): (filename not available): v8::ScriptCompiler::StreamedSource::compilation_details
00007FF70809278A (electron): (filename not available): Cr_z_crc32
00007FF708092029 (electron): (filename not available): Cr_z_crc32
00007FF708093C57 (electron): (filename not available): Cr_z_crc32
00007FF7081304C3 (electron): (filename not available): Cr_z_crc32
00007FF70801766D (electron): (filename not available): v8::internal::compiler::CompilationDependencies::FieldTypeDependencyOffTheRecord
00007FF70801221D (electron): (filename not available): v8::internal::compiler::CompilationDependencies::FieldTypeDependencyOffTheRecord
00007FF707FEB8AD (electron): (filename not available): v8::internal::compiler::CompilationDependencies::FieldTypeDependencyOffTheRecord
00007FF70599482D (electron): (filename not available): uv_os_getpid
00007FF7059CE6AE (electron): (filename not available): uv_os_getpid
00007FF7059E58FF (electron): (filename not available): uv_os_getpid
00007FF704E90162 (electron): (filename not available): v8::internal::compiler::CompilationDependencies::DependOnInitialMapInstanceSizePrediction
00007FF704E91CE1 (electron): (filename not available): v8::internal::compiler::CompilationDependencies::DependOnInitialMapInstanceSizePrediction
00007FF704E8D50F (electron): (filename not available): v8::internal::compiler::CompilationDependencies::DependOnInitialMapInstanceSizePrediction
00007FF7041762EB (electron): (filename not available): v8::ScriptCompiler::ScriptStreamingTask::ScriptStreamingTask
00007FF7041774AF (electron): (filename not available): v8::ScriptCompiler::ScriptStreamingTask::ScriptStreamingTask
00007FF7041772CB (electron): (filename not available): v8::ScriptCompiler::ScriptStreamingTask::ScriptStreamingTask
00007FF704175AE1 (electron): (filename not available): v8::ScriptCompiler::ScriptStreamingTask::ScriptStreamingTask
00007FF704175C8D (electron): (filename not available): v8::ScriptCompiler::ScriptStreamingTask::ScriptStreamingTask
00007FF703AE7E38 (electron): (filename not available): node::FreeArrayBufferAllocator
00007FF708628EE2 (electron): (filename not available): Cr_z_crc32
00007FFF5A38259D (KERNEL32): (filename not available): BaseThreadInitThunk
00007FFF5C38AF78 (ntdll): (filename not available): RtlUserThreadStart
PID 7632 received SIGSEGV for address: 0x5966055c
SymInit: Symbol-SearchPath: '.;C:\Users\wspal\Documents\GitHub\HAMixer\VolumeMaster-ReactApp;C:\Users\wspal\Documents\GitHub\HAMixer\VolumeMaster-ReactApp\node_modules\electron\dist;C:\Windows;C:\Windows\system32;SRV*C:\websymbols*http://msdl.microsoft.com/download/symbols;', symOptions: 530, UserName: 'wspal'
OS-Version: 10.0.22631 () 0x300-0x1
C:\Users\wspal\Documents\GitHub\HAMixer\VolumeMaster-ReactApp\node_modules\segfault-handler\src\StackWalker.cpp (941): StackWalker::ShowCallstack
C:\Users\wspal\Documents\GitHub\HAMixer\VolumeMaster-ReactApp\node_modules\segfault-handler\src\segfault-handler.cpp (242): segfault_handler
00007FFF5C3A813A (ntdll): (filename not available): RtlGetLengthWithoutLastFullDosOrNtPathElement
00007FFF5C34E6A2 (ntdll): (filename not available): RtlFindCharInUnicodeString
00007FFF5C384995 (ntdll): (filename not available): RtlRaiseException
00007FFF5966055C (KERNELBASE): (filename not available): RaiseException
00007FFF5C217710 (RPCRT4): (filename not available): RpcRaiseException
00007FFF5C2176D4 (RPCRT4): (filename not available): RpcRaiseException
00007FFF5A09110C (combase): (filename not available): HSTRING_UserUnmarshal64
00007FFF5C2A250E (RPCRT4): (filename not available): NdrClientCall3
00007FFF5A08D4BC (combase): (filename not available): NdrpFindInterface
00007FFF5A119EC2 (combase): (filename not available): ObjectStublessClient32
00007FFF5A0A32EF (combase): (filename not available): RoGetParameterizedTypeInstanceIID
00007FFF5A0A31D6 (combase): (filename not available): RoGetParameterizedTypeInstanceIID
00007FFF5A0A2CB7 (combase): (filename not available): RoGetParameterizedTypeInstanceIID
00007FFF5A052C74 (combase): (filename not available): CoGetStandardMarshal
00007FFF5A052956 (combase): (filename not available): CoGetStandardMarshal
00007FFF5A000C8A (combase): (filename not available): CoGetProcessIdentifier
00007FFF5A000B84 (combase): (filename not available): CoGetProcessIdentifier
00007FFF5A09C64A (combase): (filename not available): WindowsGetStringLen
00007FFF3F5FF381 (Windows.UI): (filename not available): (function-name not available)
00007FFF3F6091E8 (Windows.UI): (filename not available): (function-name not available)
00007FFF3F5FE5F5 (Windows.UI): (filename not available): (function-name not available)
00007FFF3F5FE1E5 (Windows.UI): (filename not available): (function-name not available)
00007FFF3F609D49 (Windows.UI): (filename not available): (function-name not available)
00007FFF3F5ED82F (Windows.UI): (filename not available): (function-name not available)
00007FFF3F5FC0CD (Windows.UI): (filename not available): (function-name not available)
00007FFF3F60911F (Windows.UI): (filename not available): (function-name not available)
00007FFF3F62F9BF (Windows.UI): (filename not available): (function-name not available)
00007FF705F59C4E (electron): (filename not available): IsSandboxedProcess
00007FF705F59BF2 (electron): (filename not available): IsSandboxedProcess
00007FF705A19832 (electron): (filename not available): uv_os_getpid
00007FF705A19528 (electron): (filename not available): uv_os_getpid
00007FF704177991 (electron): (filename not available): v8::ScriptCompiler::ScriptStreamingTask::ScriptStreamingTask
00007FF704175AEB (electron): (filename not available): v8::ScriptCompiler::ScriptStreamingTask::ScriptStreamingTask
00007FF704175C8D (electron): (filename not available): v8::ScriptCompiler::ScriptStreamingTask::ScriptStreamingTask
00007FF703AE7E38 (electron): (filename not available): node::FreeArrayBufferAllocator
00007FF708628EE2 (electron): (filename not available): Cr_z_crc32
00007FFF5A38259D (KERNEL32): (filename not available): BaseThreadInitThunk
00007FFF5C38AF78 (ntdll): (filename not available): RtlUserThreadStart
